<?xml version="1.0" encoding="UTF-8"?>
<!-- Generated by org.testng.reporters.JUnitReportReporter -->
<testsuite hostname="LAPTOP-PRVS3R3O" failures="0" tests="1" name="RunnerClass.TestRunner" time="10.220" errors="0" timestamp="2022-09-27T13:48:21 AEST" skipped="0">
  <testcase classname="RunnerClass.TestRunner" name="runScenario" time="10.220"/>
  <system-out/>
</testsuite> <!-- RunnerClass.TestRunner -->
