<?xml version="1.0" encoding="UTF-8"?>
<!-- Generated by org.testng.reporters.JUnitReportReporter -->
<testsuite hostname="LAPTOP-PRVS3R3O" failures="0" tests="1" name="SeleniumCode.AnotherTest" time="0.000" errors="0" timestamp="2022-10-26T15:38:11 AEDT" skipped="0">
  <testcase classname="SeleniumCode.AnotherTest" name="test03" time="0.000"/>
  <system-out/>
</testsuite> <!-- SeleniumCode.AnotherTest -->
