<?xml version="1.0" encoding="UTF-8"?>
<!-- Generated by org.testng.reporters.JUnitReportReporter -->
<testsuite hostname="LAPTOP-PRVS3R3O" failures="0" tests="1" name="RunnerClass.TestRunner" time="12.393" errors="0" timestamp="2022-10-26T15:38:11 AEDT" skipped="0">
  <testcase classname="RunnerClass.TestRunner" name="runScenario" time="12.393"/>
  <system-out/>
</testsuite> <!-- RunnerClass.TestRunner -->
